# JRE version: OpenJDK Runtime Environment (8.0_242-b01) (build 1.8.0_242-release-1644-b01)
# Java VM: OpenJDK 64-Bit Server VM (25.242-b01 mixed mode windows-amd64 compressed oops)
Heap:
 PSYoungGen      total 522752K, used 246155K [0x00000000d5580000, 0x0000000100000000, 0x0000000100000000)
  eden space 356352K, 56% used [0x00000000d5580000,0x00000000e18ed2e0,0x00000000eb180000)
  from space 166400K, 27% used [0x00000000f4c80000,0x00000000f7975c50,0x00000000fef00000)
  to   space 158720K, 0% used [0x00000000eb180000,0x00000000eb180000,0x00000000f4c80000)
 ParOldGen       total 403456K, used 199520K [0x0000000080000000, 0x0000000098a00000, 0x00000000d5580000)
  object space 403456K, 49% used [0x0000000080000000,0x000000008c2d8358,0x0000000098a00000)
 Metaspace       used 203413K, capacity 215928K, committed 216816K, reserved 1239040K
  class space    used 25155K, capacity 27452K, committed 27944K, reserved 1048576K
GC Heap History (10 events):
Event: 2421.329 GC heap before
{Heap before GC invocations=48 (full 5):
 PSYoungGen      total 508928K, used 358807K [0x00000000d5580000, 0x00000000ff780000, 0x0000000100000000)
  eden space 330752K, 100% used [0x00000000d5580000,0x00000000e9880000,0x00000000e9880000)
  from space 178176K, 15% used [0x00000000f4980000,0x00000000f64e5f30,0x00000000ff780000)
  to   space 179712K, 0% used [0x00000000e9880000,0x00000000e9880000,0x00000000f4800000)
 ParOldGen       total 403456K, used 327733K [0x0000000080000000, 0x0000000098a00000, 0x00000000d5580000)
  object space 403456K, 81% used [0x0000000080000000,0x000000009400d628,0x0000000098a00000)
 Metaspace       used 202572K, capacity 215010K, committed 215920K, reserved 1236992K
  class space    used 25104K, capacity 27379K, committed 27816K, reserved 1048576K
Event: 2421.341 GC heap after
Heap after GC invocations=48 (full 5):
 PSYoungGen      total 510464K, used 10408K [0x00000000d5580000, 0x0000000100000000, 0x0000000100000000)
  eden space 330752K, 0% used [0x00000000d5580000,0x00000000d5580000,0x00000000e9880000)
  from space 179712K, 5% used [0x00000000e9880000,0x00000000ea2aa2c0,0x00000000f4800000)
  to   space 179712K, 0% used [0x00000000f5080000,0x00000000f5080000,0x0000000100000000)
 ParOldGen       total 403456K, used 340812K [0x0000000080000000, 0x0000000098a00000, 0x00000000d5580000)
  object space 403456K, 84% used [0x0000000080000000,0x0000000094cd3140,0x0000000098a00000)
 Metaspace       used 202572K, capacity 215010K, committed 215920K, reserved 1236992K
  class space    used 25104K, capacity 27379K, committed 27816K, reserved 1048576K
}
Event: 2424.276 GC heap before
{Heap before GC invocations=49 (full 5):
 PSYoungGen      total 510464K, used 341160K [0x00000000d5580000, 0x0000000100000000, 0x0000000100000000)
  eden space 330752K, 100% used [0x00000000d5580000,0x00000000e9880000,0x00000000e9880000)
  from space 179712K, 5% used [0x00000000e9880000,0x00000000ea2aa2c0,0x00000000f4800000)
  to   space 179712K, 0% used [0x00000000f5080000,0x00000000f5080000,0x0000000100000000)
 ParOldGen       total 403456K, used 340812K [0x0000000080000000, 0x0000000098a00000, 0x00000000d5580000)
  object space 403456K, 84% used [0x0000000080000000,0x0000000094cd3140,0x0000000098a00000)
 Metaspace       used 203152K, capacity 215598K, committed 216432K, reserved 1239040K
  class space    used 25141K, capacity 27407K, committed 27816K, reserved 1048576K
Event: 2424.290 GC heap after
Heap after GC invocations=49 (full 5):
 PSYoungGen      total 513024K, used 18723K [0x00000000d5580000, 0x00000000ffa00000, 0x0000000100000000)
  eden space 339456K, 0% used [0x00000000d5580000,0x00000000d5580000,0x00000000ea100000)
  from space 173568K, 10% used [0x00000000f5080000,0x00000000f62c8e00,0x00000000ffa00000)
  to   space 176640K, 0% used [0x00000000ea100000,0x00000000ea100000,0x00000000f4d80000)
 ParOldGen       total 403456K, used 348226K [0x0000000080000000, 0x0000000098a00000, 0x00000000d5580000)
  object space 403456K, 86% used [0x0000000080000000,0x0000000095410828,0x0000000098a00000)
 Metaspace       used 203152K, capacity 215598K, committed 216432K, reserved 1239040K
  class space    used 25141K, capacity 27407K, committed 27816K, reserved 1048576K
}
Event: 2424.443 GC heap before
{Heap before GC invocations=50 (full 5):
 PSYoungGen      total 513024K, used 358179K [0x00000000d5580000, 0x00000000ffa00000, 0x0000000100000000)
  eden space 339456K, 100% used [0x00000000d5580000,0x00000000ea100000,0x00000000ea100000)
  from space 173568K, 10% used [0x00000000f5080000,0x00000000f62c8e00,0x00000000ffa00000)
  to   space 176640K, 0% used [0x00000000ea100000,0x00000000ea100000,0x00000000f4d80000)
 ParOldGen       total 403456K, used 348292K [0x0000000080000000, 0x0000000098a00000, 0x00000000d5580000)
  object space 403456K, 86% used [0x0000000080000000,0x00000000954213c0,0x0000000098a00000)
 Metaspace       used 203300K, capacity 215768K, committed 216688K, reserved 1239040K
  class space    used 25142K, capacity 27408K, committed 27816K, reserved 1048576K
Event: 2424.468 GC heap after
Heap after GC invocations=50 (full 5):
 PSYoungGen      total 392704K, used 52853K [0x00000000d5580000, 0x00000000fef00000, 0x0000000100000000)
  eden space 339456K, 0% used [0x00000000d5580000,0x00000000d5580000,0x00000000ea100000)
  from space 53248K, 99% used [0x00000000ea100000,0x00000000ed49d4c0,0x00000000ed500000)
  to   space 166400K, 0% used [0x00000000f4c80000,0x00000000f4c80000,0x00000000fef00000)
 ParOldGen       total 403456K, used 362983K [0x0000000080000000, 0x0000000098a00000, 0x00000000d5580000)
  object space 403456K, 89% used [0x0000000080000000,0x0000000096279e48,0x0000000098a00000)
 Metaspace       used 203300K, capacity 215768K, committed 216688K, reserved 1239040K
  class space    used 25142K, capacity 27408K, committed 27816K, reserved 1048576K
}
Event: 2424.468 GC heap before
{Heap before GC invocations=51 (full 6):
 PSYoungGen      total 392704K, used 52853K [0x00000000d5580000, 0x00000000fef00000, 0x0000000100000000)
  eden space 339456K, 0% used [0x00000000d5580000,0x00000000d5580000,0x00000000ea100000)
  from space 53248K, 99% used [0x00000000ea100000,0x00000000ed49d4c0,0x00000000ed500000)
  to   space 166400K, 0% used [0x00000000f4c80000,0x00000000f4c80000,0x00000000fef00000)
 ParOldGen       total 403456K, used 362983K [0x0000000080000000, 0x0000000098a00000, 0x00000000d5580000)
  object space 403456K, 89% used [0x0000000080000000,0x0000000096279e48,0x0000000098a00000)
 Metaspace       used 203300K, capacity 215768K, committed 216688K, reserved 1239040K
  class space    used 25142K, capacity 27408K, committed 27816K, reserved 1048576K
Event: 2424.672 GC heap after
Heap after GC invocations=51 (full 6):
 PSYoungGen      total 392704K, used 0K [0x00000000d5580000, 0x00000000fef00000, 0x0000000100000000)
  eden space 339456K, 0% used [0x00000000d5580000,0x00000000d5580000,0x00000000ea100000)
  from space 53248K, 0% used [0x00000000ea100000,0x00000000ea100000,0x00000000ed500000)
  to   space 166400K, 0% used [0x00000000f4c80000,0x00000000f4c80000,0x00000000fef00000)
 ParOldGen       total 403456K, used 199512K [0x0000000080000000, 0x0000000098a00000, 0x00000000d5580000)
  object space 403456K, 49% used [0x0000000080000000,0x000000008c2d6358,0x0000000098a00000)
 Metaspace       used 203300K, capacity 215768K, committed 216688K, reserved 1239040K
  class space    used 25142K, capacity 27408K, committed 27816K, reserved 1048576K
}
Event: 2424.787 GC heap before
{Heap before GC invocations=52 (full 6):
 PSYoungGen      total 392704K, used 339456K [0x00000000d5580000, 0x00000000fef00000, 0x0000000100000000)
  eden space 339456K, 100% used [0x00000000d5580000,0x00000000ea100000,0x00000000ea100000)
  from space 53248K, 0% used [0x00000000ea100000,0x00000000ea100000,0x00000000ed500000)
  to   space 166400K, 0% used [0x00000000f4c80000,0x00000000f4c80000,0x00000000fef00000)
 ParOldGen       total 403456K, used 199512K [0x0000000080000000, 0x0000000098a00000, 0x00000000d5580000)
  object space 403456K, 49% used [0x0000000080000000,0x000000008c2d6358,0x0000000098a00000)
 Metaspace       used 203365K, capacity 215860K, committed 216688K, reserved 1239040K
  class space    used 25144K, capacity 27412K, committed 27816K, reserved 1048576K
Event: 2424.807 GC heap after
Heap after GC invocations=52 (full 6):
 PSYoungGen      total 522752K, used 46039K [0x00000000d5580000, 0x0000000100000000, 0x0000000100000000)
  eden space 356352K, 0% used [0x00000000d5580000,0x00000000d5580000,0x00000000eb180000)
  from space 166400K, 27% used [0x00000000f4c80000,0x00000000f7975c50,0x00000000fef00000)
  to   space 158720K, 0% used [0x00000000eb180000,0x00000000eb180000,0x00000000f4c80000)
 ParOldGen       total 403456K, used 199520K [0x0000000080000000, 0x0000000098a00000, 0x00000000d5580000)
  object space 403456K, 49% used [0x0000000080000000,0x000000008c2d8358,0x0000000098a00000)
 Metaspace       used 203365K, capacity 215860K, committed 216688K, reserved 1239040K
  class space    used 25144K, capacity 27412K, committed 27816K, reserved 1048576K
}

