# JRE version: OpenJDK Runtime Environment (8.0_242-b01) (build 1.8.0_242-release-1644-b01)
# Java VM: OpenJDK 64-Bit Server VM (25.242-b01 mixed mode windows-amd64 compressed oops)
Heap:
 PSYoungGen      total 601600K, used 271883K [0x00000000d5580000, 0x0000000100000000, 0x0000000100000000)
  eden space 517632K, 41% used [0x00000000d5580000,0x00000000e29474a8,0x00000000f4f00000)
  from space 83968K, 65% used [0x00000000f4f00000,0x00000000f84bba38,0x00000000fa100000)
  to   space 83968K, 0% used [0x00000000fae00000,0x00000000fae00000,0x0000000100000000)
 ParOldGen       total 392192K, used 106482K [0x0000000080000000, 0x0000000097f00000, 0x00000000d5580000)
  object space 392192K, 27% used [0x0000000080000000,0x00000000867fc908,0x0000000097f00000)
 Metaspace       used 117925K, capacity 127476K, committed 127528K, reserved 1159168K
  class space    used 15332K, capacity 17172K, committed 17200K, reserved 1048576K
GC Heap History (10 events):
Event: 3233.443 GC heap before
{Heap before GC invocations=31 (full 4):
 PSYoungGen      total 539136K, used 519088K [0x00000000d5580000, 0x00000000fb580000, 0x0000000100000000)
  eden space 470016K, 100% used [0x00000000d5580000,0x00000000f2080000,0x00000000f2080000)
  from space 69120K, 70% used [0x00000000f7200000,0x00000000fa1ec128,0x00000000fb580000)
  to   space 76288K, 0% used [0x00000000f2080000,0x00000000f2080000,0x00000000f6b00000)
 ParOldGen       total 392192K, used 102465K [0x0000000080000000, 0x0000000097f00000, 0x00000000d5580000)
  object space 392192K, 26% used [0x0000000080000000,0x00000000864107a8,0x0000000097f00000)
 Metaspace       used 116730K, capacity 125940K, committed 126120K, reserved 1159168K
  class space    used 15275K, capacity 17048K, committed 17072K, reserved 1048576K
Event: 3233.469 GC heap after
Heap after GC invocations=31 (full 4):
 PSYoungGen      total 546304K, used 54830K [0x00000000d5580000, 0x00000000fda00000, 0x0000000100000000)
  eden space 470016K, 0% used [0x00000000d5580000,0x00000000d5580000,0x00000000f2080000)
  from space 76288K, 71% used [0x00000000f2080000,0x00000000f560b8d0,0x00000000f6b00000)
  to   space 78336K, 0% used [0x00000000f8d80000,0x00000000f8d80000,0x00000000fda00000)
 ParOldGen       total 392192K, used 102473K [0x0000000080000000, 0x0000000097f00000, 0x00000000d5580000)
  object space 392192K, 26% used [0x0000000080000000,0x00000000864127a8,0x0000000097f00000)
 Metaspace       used 116730K, capacity 125940K, committed 126120K, reserved 1159168K
  class space    used 15275K, capacity 17048K, committed 17072K, reserved 1048576K
}
Event: 3321.194 GC heap before
{Heap before GC invocations=32 (full 4):
 PSYoungGen      total 546304K, used 524846K [0x00000000d5580000, 0x00000000fda00000, 0x0000000100000000)
  eden space 470016K, 100% used [0x00000000d5580000,0x00000000f2080000,0x00000000f2080000)
  from space 76288K, 71% used [0x00000000f2080000,0x00000000f560b8d0,0x00000000f6b00000)
  to   space 78336K, 0% used [0x00000000f8d80000,0x00000000f8d80000,0x00000000fda00000)
 ParOldGen       total 392192K, used 102473K [0x0000000080000000, 0x0000000097f00000, 0x00000000d5580000)
  object space 392192K, 26% used [0x0000000080000000,0x00000000864127a8,0x0000000097f00000)
 Metaspace       used 117149K, capacity 126506K, committed 126760K, reserved 1159168K
  class space    used 15303K, capacity 17125K, committed 17200K, reserved 1048576K
Event: 3321.222 GC heap after
Heap after GC invocations=32 (full 4):
 PSYoungGen      total 574976K, used 60332K [0x00000000d5580000, 0x00000000fdb80000, 0x0000000100000000)
  eden space 496640K, 0% used [0x00000000d5580000,0x00000000d5580000,0x00000000f3a80000)
  from space 78336K, 77% used [0x00000000f8d80000,0x00000000fc86b148,0x00000000fda00000)
  to   space 82432K, 0% used [0x00000000f3a80000,0x00000000f3a80000,0x00000000f8b00000)
 ParOldGen       total 392192K, used 102481K [0x0000000080000000, 0x0000000097f00000, 0x00000000d5580000)
  object space 392192K, 26% used [0x0000000080000000,0x00000000864147a8,0x0000000097f00000)
 Metaspace       used 117149K, capacity 126506K, committed 126760K, reserved 1159168K
  class space    used 15303K, capacity 17125K, committed 17200K, reserved 1048576K
}
Event: 4229.866 GC heap before
{Heap before GC invocations=33 (full 4):
 PSYoungGen      total 574976K, used 556972K [0x00000000d5580000, 0x00000000fdb80000, 0x0000000100000000)
  eden space 496640K, 100% used [0x00000000d5580000,0x00000000f3a80000,0x00000000f3a80000)
  from space 78336K, 77% used [0x00000000f8d80000,0x00000000fc86b148,0x00000000fda00000)
  to   space 82432K, 0% used [0x00000000f3a80000,0x00000000f3a80000,0x00000000f8b00000)
 ParOldGen       total 392192K, used 102481K [0x0000000080000000, 0x0000000097f00000, 0x00000000d5580000)
  object space 392192K, 26% used [0x0000000080000000,0x00000000864147a8,0x0000000097f00000)
 Metaspace       used 117328K, capacity 126754K, committed 127016K, reserved 1159168K
  class space    used 15309K, capacity 17131K, committed 17200K, reserved 1048576K
Event: 4229.899 GC heap after
Heap after GC invocations=33 (full 4):
 PSYoungGen      total 579072K, used 56671K [0x00000000d5580000, 0x00000000ff380000, 0x0000000100000000)
  eden space 496640K, 0% used [0x00000000d5580000,0x00000000d5580000,0x00000000f3a80000)
  from space 82432K, 68% used [0x00000000f3a80000,0x00000000f71d7c20,0x00000000f8b00000)
  to   space 83456K, 0% used [0x00000000fa200000,0x00000000fa200000,0x00000000ff380000)
 ParOldGen       total 392192K, used 102489K [0x0000000080000000, 0x0000000097f00000, 0x00000000d5580000)
  object space 392192K, 26% used [0x0000000080000000,0x00000000864167a8,0x0000000097f00000)
 Metaspace       used 117328K, capacity 126754K, committed 127016K, reserved 1159168K
  class space    used 15309K, capacity 17131K, committed 17200K, reserved 1048576K
}
Event: 4241.790 GC heap before
{Heap before GC invocations=34 (full 4):
 PSYoungGen      total 579072K, used 553308K [0x00000000d5580000, 0x00000000ff380000, 0x0000000100000000)
  eden space 496640K, 99% used [0x00000000d5580000,0x00000000f3a7f410,0x00000000f3a80000)
  from space 82432K, 68% used [0x00000000f3a80000,0x00000000f71d7c20,0x00000000f8b00000)
  to   space 83456K, 0% used [0x00000000fa200000,0x00000000fa200000,0x00000000ff380000)
 ParOldGen       total 392192K, used 102489K [0x0000000080000000, 0x0000000097f00000, 0x00000000d5580000)
  object space 392192K, 26% used [0x0000000080000000,0x00000000864167a8,0x0000000097f00000)
 Metaspace       used 117724K, capacity 127186K, committed 127272K, reserved 1159168K
  class space    used 15331K, capacity 17171K, committed 17200K, reserved 1048576K
Event: 4241.816 GC heap after
Heap after GC invocations=34 (full 4):
 PSYoungGen      total 600576K, used 55869K [0x00000000d5580000, 0x00000000ff300000, 0x0000000100000000)
  eden space 517632K, 0% used [0x00000000d5580000,0x00000000d5580000,0x00000000f4f00000)
  from space 82944K, 67% used [0x00000000fa200000,0x00000000fd88f790,0x00000000ff300000)
  to   space 83968K, 0% used [0x00000000f4f00000,0x00000000f4f00000,0x00000000fa100000)
 ParOldGen       total 392192K, used 105562K [0x0000000080000000, 0x0000000097f00000, 0x00000000d5580000)
  object space 392192K, 26% used [0x0000000080000000,0x00000000867168b8,0x0000000097f00000)
 Metaspace       used 117724K, capacity 127186K, committed 127272K, reserved 1159168K
  class space    used 15331K, capacity 17171K, committed 17200K, reserved 1048576K
}
Event: 4242.124 GC heap before
{Heap before GC invocations=35 (full 4):
 PSYoungGen      total 600576K, used 573424K [0x00000000d5580000, 0x00000000ff300000, 0x0000000100000000)
  eden space 517632K, 99% used [0x00000000d5580000,0x00000000f4eecb98,0x00000000f4f00000)
  from space 82944K, 67% used [0x00000000fa200000,0x00000000fd88f790,0x00000000ff300000)
  to   space 83968K, 0% used [0x00000000f4f00000,0x00000000f4f00000,0x00000000fa100000)
 ParOldGen       total 392192K, used 105562K [0x0000000080000000, 0x0000000097f00000, 0x00000000d5580000)
  object space 392192K, 26% used [0x0000000080000000,0x00000000867168b8,0x0000000097f00000)
 Metaspace       used 117883K, capacity 127404K, committed 127528K, reserved 1159168K
  class space    used 15332K, capacity 17172K, committed 17200K, reserved 1048576K
Event: 4242.144 GC heap after
Heap after GC invocations=35 (full 4):
 PSYoungGen      total 601600K, used 55022K [0x00000000d5580000, 0x0000000100000000, 0x0000000100000000)
  eden space 517632K, 0% used [0x00000000d5580000,0x00000000d5580000,0x00000000f4f00000)
  from space 83968K, 65% used [0x00000000f4f00000,0x00000000f84bba38,0x00000000fa100000)
  to   space 83968K, 0% used [0x00000000fae00000,0x00000000fae00000,0x0000000100000000)
 ParOldGen       total 392192K, used 106482K [0x0000000080000000, 0x0000000097f00000, 0x00000000d5580000)
  object space 392192K, 27% used [0x0000000080000000,0x00000000867fc908,0x0000000097f00000)
 Metaspace       used 117883K, capacity 127404K, committed 127528K, reserved 1159168K
  class space    used 15332K, capacity 17172K, committed 17200K, reserved 1048576K
}

